build/app/intermediates/manifest_merge_blame_file/debug/manifest-merger-blame-debug-report.txt
1<?xml version="1.0" encoding="utf-8"?>
2<manifest xmlns:android="http://schemas.android.com/apk/res/android"
3    package="com.lzavaleta.pjt_download_file"
4    android:versionCode="1"
5    android:versionName="1.0.0" >
6
7    <uses-sdk
8        android:minSdkVersion="16"
9        android:targetSdkVersion="30" />
10    <!--
11         Flutter needs it to communicate with the running application
12         to allow setting breakpoints, to provide hot reload, etc.
13    -->
14    <uses-permission android:name="android.permission.INTERNET" />
14-->src/debug/AndroidManifest.xml:6:5-66
14-->src/debug/AndroidManifest.xml:6:22-64
15    <uses-permission android:name="android.permission.REQUEST_INSTALL_PACKAGES" />
15-->src/main/AndroidManifest.xml:4:5-83
15-->src/main/AndroidManifest.xml:4:22-80
16    <uses-permission android:name="android.permission.WAKE_LOCK" />
16-->[androidx.work:work-runtime:2.5.0] AndroidManifest.xml:25:5-68
16-->[androidx.work:work-runtime:2.5.0] AndroidManifest.xml:25:22-65
17    <uses-permission android:name="android.permission.ACCESS_NETWORK_STATE" />
17-->[androidx.work:work-runtime:2.5.0] AndroidManifest.xml:26:5-79
17-->[androidx.work:work-runtime:2.5.0] AndroidManifest.xml:26:22-76
18    <uses-permission android:name="android.permission.RECEIVE_BOOT_COMPLETED" />
18-->[androidx.work:work-runtime:2.5.0] AndroidManifest.xml:27:5-81
18-->[androidx.work:work-runtime:2.5.0] AndroidManifest.xml:27:22-78
19    <uses-permission android:name="android.permission.FOREGROUND_SERVICE" />
19-->[androidx.work:work-runtime:2.5.0] AndroidManifest.xml:28:5-77
19-->[androidx.work:work-runtime:2.5.0] AndroidManifest.xml:28:22-74
20
21    <application
21-->src/main/AndroidManifest.xml:5:4-54:19
22        android:name="com.lzavaleta.pjt_download_file.MyApplication"
22-->src/main/AndroidManifest.xml:6:8-37
23        android:appComponentFactory="androidx.core.app.CoreComponentFactory"
23-->[androidx.core:core:1.5.0] AndroidManifest.xml:24:18-86
24        android:debuggable="true"
25        android:icon="@mipmap/ic_launcher"
25-->src/main/AndroidManifest.xml:8:9-43
26        android:label="pjt_download_file" >
26-->src/main/AndroidManifest.xml:7:9-42
27        <provider
28            android:name="vn.hunghd.flutterdownloader.DownloadedFileProvider"
29            android:authorities="com.lzavaleta.pjt_download_file.flutter_downloader.provider"
30            android:exported="false"
31            android:grantUriPermissions="true" >
32            <meta-data
33                android:name="android.support.FILE_PROVIDER_PATHS"
34                android:resource="@xml/provider_paths" />
35        </provider>
36
37        <activity
37-->src/main/AndroidManifest.xml:20:9-48:20
38            android:name="com.lzavaleta.pjt_download_file.MainActivity"
38-->src/main/AndroidManifest.xml:21:13-41
39            android:configChanges="orientation|keyboardHidden|keyboard|screenSize|smallestScreenSize|locale|layoutDirection|fontScale|screenLayout|density|uiMode"
39-->src/main/AndroidManifest.xml:24:13-163
40            android:hardwareAccelerated="true"
40-->src/main/AndroidManifest.xml:25:13-47
41            android:launchMode="singleTop"
41-->src/main/AndroidManifest.xml:22:13-43
42            android:theme="@style/LaunchTheme"
42-->src/main/AndroidManifest.xml:23:13-47
43            android:windowSoftInputMode="adjustResize" >
43-->src/main/AndroidManifest.xml:26:13-55
44
45            <!--
46                 Specifies an Android theme to apply to this Activity as soon as
47                 the Android process has started. This theme is visible to the user
48                 while the Flutter UI initializes. After that, this theme continues
49                 to determine the Window background behind the Flutter UI.
50            -->
51            <meta-data
51-->src/main/AndroidManifest.xml:31:13-34:17
52                android:name="io.flutter.embedding.android.NormalTheme"
52-->src/main/AndroidManifest.xml:32:15-70
53                android:resource="@style/NormalTheme" />
53-->src/main/AndroidManifest.xml:33:15-52
54            <!--
55                 Displays an Android View that continues showing the launch screen
56                 Drawable until Flutter paints its first frame, then this splash
57                 screen fades out. A splash screen is useful to avoid any visual
58                 gap between the end of Android's launch screen and the painting of
59                 Flutter's first frame.
60            -->
61            <meta-data
61-->src/main/AndroidManifest.xml:40:13-43:17
62                android:name="io.flutter.embedding.android.SplashScreenDrawable"
62-->src/main/AndroidManifest.xml:41:15-79
63                android:resource="@drawable/launch_background" />
63-->src/main/AndroidManifest.xml:42:15-61
64
65            <intent-filter>
65-->src/main/AndroidManifest.xml:44:13-47:29
66                <action android:name="android.intent.action.MAIN" />
66-->src/main/AndroidManifest.xml:45:17-68
66-->src/main/AndroidManifest.xml:45:25-66
67
68                <category android:name="android.intent.category.LAUNCHER" />
68-->src/main/AndroidManifest.xml:46:17-76
68-->src/main/AndroidManifest.xml:46:27-74
69            </intent-filter>
70        </activity>
71        <!--
72             Don't delete the meta-data below.
73             This is used by the Flutter tool to generate GeneratedPluginRegistrant.java
74        -->
75        <meta-data
75-->src/main/AndroidManifest.xml:51:9-53:33
76            android:name="flutterEmbedding"
76-->src/main/AndroidManifest.xml:52:13-44
77            android:value="2" />
77-->src/main/AndroidManifest.xml:53:13-30
78
79        <provider
79-->[androidx.work:work-runtime:2.5.0] AndroidManifest.xml:31:9-37:35
80            android:name="androidx.work.impl.WorkManagerInitializer"
80-->[androidx.work:work-runtime:2.5.0] AndroidManifest.xml:32:13-69
81            android:authorities="com.lzavaleta.pjt_download_file.workmanager-init"
81-->[androidx.work:work-runtime:2.5.0] AndroidManifest.xml:33:13-68
82            android:directBootAware="false"
82-->[androidx.work:work-runtime:2.5.0] AndroidManifest.xml:34:13-44
83            android:exported="false"
83-->[androidx.work:work-runtime:2.5.0] AndroidManifest.xml:35:13-37
84            android:multiprocess="true" />
84-->[androidx.work:work-runtime:2.5.0] AndroidManifest.xml:36:13-40
85
86        <service
86-->[androidx.work:work-runtime:2.5.0] AndroidManifest.xml:39:9-44:35
87            android:name="androidx.work.impl.background.systemalarm.SystemAlarmService"
87-->[androidx.work:work-runtime:2.5.0] AndroidManifest.xml:40:13-88
88            android:directBootAware="false"
88-->[androidx.work:work-runtime:2.5.0] AndroidManifest.xml:41:13-44
89            android:enabled="@bool/enable_system_alarm_service_default"
89-->[androidx.work:work-runtime:2.5.0] AndroidManifest.xml:42:13-72
90            android:exported="false" />
90-->[androidx.work:work-runtime:2.5.0] AndroidManifest.xml:43:13-37
91        <service
91-->[androidx.work:work-runtime:2.5.0] AndroidManifest.xml:45:9-51:35
92            android:name="androidx.work.impl.background.systemjob.SystemJobService"
92-->[androidx.work:work-runtime:2.5.0] AndroidManifest.xml:46:13-84
93            android:directBootAware="false"
93-->[androidx.work:work-runtime:2.5.0] AndroidManifest.xml:47:13-44
94            android:enabled="@bool/enable_system_job_service_default"
94-->[androidx.work:work-runtime:2.5.0] AndroidManifest.xml:48:13-70
95            android:exported="true"
95-->[androidx.work:work-runtime:2.5.0] AndroidManifest.xml:49:13-36
96            android:permission="android.permission.BIND_JOB_SERVICE" />
96-->[androidx.work:work-runtime:2.5.0] AndroidManifest.xml:50:13-69
97        <service
97-->[androidx.work:work-runtime:2.5.0] AndroidManifest.xml:52:9-57:35
98            android:name="androidx.work.impl.foreground.SystemForegroundService"
98-->[androidx.work:work-runtime:2.5.0] AndroidManifest.xml:53:13-81
99            android:directBootAware="false"
99-->[androidx.work:work-runtime:2.5.0] AndroidManifest.xml:54:13-44
100            android:enabled="@bool/enable_system_foreground_service_default"
100-->[androidx.work:work-runtime:2.5.0] AndroidManifest.xml:55:13-77
101            android:exported="false" />
101-->[androidx.work:work-runtime:2.5.0] AndroidManifest.xml:56:13-37
102
103        <receiver
103-->[androidx.work:work-runtime:2.5.0] AndroidManifest.xml:59:9-64:35
104            android:name="androidx.work.impl.utils.ForceStopRunnable$BroadcastReceiver"
104-->[androidx.work:work-runtime:2.5.0] AndroidManifest.xml:60:13-88
105            android:directBootAware="false"
105-->[androidx.work:work-runtime:2.5.0] AndroidManifest.xml:61:13-44
106            android:enabled="true"
106-->[androidx.work:work-runtime:2.5.0] AndroidManifest.xml:62:13-35
107            android:exported="false" />
107-->[androidx.work:work-runtime:2.5.0] AndroidManifest.xml:63:13-37
108        <receiver
108-->[androidx.work:work-runtime:2.5.0] AndroidManifest.xml:65:9-75:20
109            android:name="androidx.work.impl.background.systemalarm.ConstraintProxy$BatteryChargingProxy"
109-->[androidx.work:work-runtime:2.5.0] AndroidManifest.xml:66:13-106
110            android:directBootAware="false"
110-->[androidx.work:work-runtime:2.5.0] AndroidManifest.xml:67:13-44
111            android:enabled="false"
111-->[androidx.work:work-runtime:2.5.0] AndroidManifest.xml:68:13-36
112            android:exported="false" >
112-->[androidx.work:work-runtime:2.5.0] AndroidManifest.xml:69:13-37
113            <intent-filter>
113-->[androidx.work:work-runtime:2.5.0] AndroidManifest.xml:71:13-74:29
114                <action android:name="android.intent.action.ACTION_POWER_CONNECTED" />
114-->[androidx.work:work-runtime:2.5.0] AndroidManifest.xml:72:17-87
114-->[androidx.work:work-runtime:2.5.0] AndroidManifest.xml:72:25-84
115                <action android:name="android.intent.action.ACTION_POWER_DISCONNECTED" />
115-->[androidx.work:work-runtime:2.5.0] AndroidManifest.xml:73:17-90
115-->[androidx.work:work-runtime:2.5.0] AndroidManifest.xml:73:25-87
116            </intent-filter>
117        </receiver>
118        <receiver
118-->[androidx.work:work-runtime:2.5.0] AndroidManifest.xml:76:9-86:20
119            android:name="androidx.work.impl.background.systemalarm.ConstraintProxy$BatteryNotLowProxy"
119-->[androidx.work:work-runtime:2.5.0] AndroidManifest.xml:77:13-104
120            android:directBootAware="false"
120-->[androidx.work:work-runtime:2.5.0] AndroidManifest.xml:78:13-44
121            android:enabled="false"
121-->[androidx.work:work-runtime:2.5.0] AndroidManifest.xml:79:13-36
122            android:exported="false" >
122-->[androidx.work:work-runtime:2.5.0] AndroidManifest.xml:80:13-37
123            <intent-filter>
123-->[androidx.work:work-runtime:2.5.0] AndroidManifest.xml:82:13-85:29
124                <action android:name="android.intent.action.BATTERY_OKAY" />
124-->[androidx.work:work-runtime:2.5.0] AndroidManifest.xml:83:17-77
124-->[androidx.work:work-runtime:2.5.0] AndroidManifest.xml:83:25-74
125                <action android:name="android.intent.action.BATTERY_LOW" />
125-->[androidx.work:work-runtime:2.5.0] AndroidManifest.xml:84:17-76
125-->[androidx.work:work-runtime:2.5.0] AndroidManifest.xml:84:25-73
126            </intent-filter>
127        </receiver>
128        <receiver
128-->[androidx.work:work-runtime:2.5.0] AndroidManifest.xml:87:9-97:20
129            android:name="androidx.work.impl.background.systemalarm.ConstraintProxy$StorageNotLowProxy"
129-->[androidx.work:work-runtime:2.5.0] AndroidManifest.xml:88:13-104
130            android:directBootAware="false"
130-->[androidx.work:work-runtime:2.5.0] AndroidManifest.xml:89:13-44
131            android:enabled="false"
131-->[androidx.work:work-runtime:2.5.0] AndroidManifest.xml:90:13-36
132            android:exported="false" >
132-->[androidx.work:work-runtime:2.5.0] AndroidManifest.xml:91:13-37
133            <intent-filter>
133-->[androidx.work:work-runtime:2.5.0] AndroidManifest.xml:93:13-96:29
134                <action android:name="android.intent.action.DEVICE_STORAGE_LOW" />
134-->[androidx.work:work-runtime:2.5.0] AndroidManifest.xml:94:17-83
134-->[androidx.work:work-runtime:2.5.0] AndroidManifest.xml:94:25-80
135                <action android:name="android.intent.action.DEVICE_STORAGE_OK" />
135-->[androidx.work:work-runtime:2.5.0] AndroidManifest.xml:95:17-82
135-->[androidx.work:work-runtime:2.5.0] AndroidManifest.xml:95:25-79
136            </intent-filter>
137        </receiver>
138        <receiver
138-->[androidx.work:work-runtime:2.5.0] AndroidManifest.xml:98:9-107:20
139            android:name="androidx.work.impl.background.systemalarm.ConstraintProxy$NetworkStateProxy"
139-->[androidx.work:work-runtime:2.5.0] AndroidManifest.xml:99:13-103
140            android:directBootAware="false"
140-->[androidx.work:work-runtime:2.5.0] AndroidManifest.xml:100:13-44
141            android:enabled="false"
141-->[androidx.work:work-runtime:2.5.0] AndroidManifest.xml:101:13-36
142            android:exported="false" >
142-->[androidx.work:work-runtime:2.5.0] AndroidManifest.xml:102:13-37
143            <intent-filter>
143-->[androidx.work:work-runtime:2.5.0] AndroidManifest.xml:104:13-106:29
144                <action android:name="android.net.conn.CONNECTIVITY_CHANGE" />
144-->[androidx.work:work-runtime:2.5.0] AndroidManifest.xml:105:17-79
144-->[androidx.work:work-runtime:2.5.0] AndroidManifest.xml:105:25-76
145            </intent-filter>
146        </receiver>
147        <receiver
147-->[androidx.work:work-runtime:2.5.0] AndroidManifest.xml:108:9-119:20
148            android:name="androidx.work.impl.background.systemalarm.RescheduleReceiver"
148-->[androidx.work:work-runtime:2.5.0] AndroidManifest.xml:109:13-88
149            android:directBootAware="false"
149-->[androidx.work:work-runtime:2.5.0] AndroidManifest.xml:110:13-44
150            android:enabled="false"
150-->[androidx.work:work-runtime:2.5.0] AndroidManifest.xml:111:13-36
151            android:exported="false" >
151-->[androidx.work:work-runtime:2.5.0] AndroidManifest.xml:112:13-37
152            <intent-filter>
152-->[androidx.work:work-runtime:2.5.0] AndroidManifest.xml:114:13-118:29
153                <action android:name="android.intent.action.BOOT_COMPLETED" />
153-->[androidx.work:work-runtime:2.5.0] AndroidManifest.xml:115:17-79
153-->[androidx.work:work-runtime:2.5.0] AndroidManifest.xml:115:25-76
154                <action android:name="android.intent.action.TIME_SET" />
154-->[androidx.work:work-runtime:2.5.0] AndroidManifest.xml:116:17-73
154-->[androidx.work:work-runtime:2.5.0] AndroidManifest.xml:116:25-70
155                <action android:name="android.intent.action.TIMEZONE_CHANGED" />
155-->[androidx.work:work-runtime:2.5.0] AndroidManifest.xml:117:17-81
155-->[androidx.work:work-runtime:2.5.0] AndroidManifest.xml:117:25-78
156            </intent-filter>
157        </receiver>
158        <receiver
158-->[androidx.work:work-runtime:2.5.0] AndroidManifest.xml:120:9-129:20
159            android:name="androidx.work.impl.background.systemalarm.ConstraintProxyUpdateReceiver"
159-->[androidx.work:work-runtime:2.5.0] AndroidManifest.xml:121:13-99
160            android:directBootAware="false"
160-->[androidx.work:work-runtime:2.5.0] AndroidManifest.xml:122:13-44
161            android:enabled="@bool/enable_system_alarm_service_default"
161-->[androidx.work:work-runtime:2.5.0] AndroidManifest.xml:123:13-72
162            android:exported="false" >
162-->[androidx.work:work-runtime:2.5.0] AndroidManifest.xml:124:13-37
163            <intent-filter>
163-->[androidx.work:work-runtime:2.5.0] AndroidManifest.xml:126:13-128:29
164                <action android:name="androidx.work.impl.background.systemalarm.UpdateProxies" />
164-->[androidx.work:work-runtime:2.5.0] AndroidManifest.xml:127:17-98
164-->[androidx.work:work-runtime:2.5.0] AndroidManifest.xml:127:25-95
165            </intent-filter>
166        </receiver>
167        <receiver
167-->[androidx.work:work-runtime:2.5.0] AndroidManifest.xml:130:9-140:20
168            android:name="androidx.work.impl.diagnostics.DiagnosticsReceiver"
168-->[androidx.work:work-runtime:2.5.0] AndroidManifest.xml:131:13-78
169            android:directBootAware="false"
169-->[androidx.work:work-runtime:2.5.0] AndroidManifest.xml:132:13-44
170            android:enabled="true"
170-->[androidx.work:work-runtime:2.5.0] AndroidManifest.xml:133:13-35
171            android:exported="true"
171-->[androidx.work:work-runtime:2.5.0] AndroidManifest.xml:134:13-36
172            android:permission="android.permission.DUMP" >
172-->[androidx.work:work-runtime:2.5.0] AndroidManifest.xml:135:13-57
173            <intent-filter>
173-->[androidx.work:work-runtime:2.5.0] AndroidManifest.xml:137:13-139:29
174                <action android:name="androidx.work.diagnostics.REQUEST_DIAGNOSTICS" />
174-->[androidx.work:work-runtime:2.5.0] AndroidManifest.xml:138:17-88
174-->[androidx.work:work-runtime:2.5.0] AndroidManifest.xml:138:25-85
175            </intent-filter>
176        </receiver>
177
178        <service
178-->[androidx.room:room-runtime:2.2.5] AndroidManifest.xml:25:9-28:40
179            android:name="androidx.room.MultiInstanceInvalidationService"
179-->[androidx.room:room-runtime:2.2.5] AndroidManifest.xml:26:13-74
180            android:directBootAware="true"
180-->[androidx.room:room-runtime:2.2.5] AndroidManifest.xml:27:13-43
181            android:exported="false" />
181-->[androidx.room:room-runtime:2.2.5] AndroidManifest.xml:28:13-37
182    </application>
183
184</manifest>